c:\users\weakl\source\repos\santso - gdparcm\santso - gdparcm\x64\debug\vc143.pdb
c:\users\weakl\source\repos\santso - gdparcm\santso - gdparcm\x64\debug\vc143.idb
c:\users\weakl\source\repos\santso - gdparcm\santso - gdparcm\x64\debug\game.obj
c:\users\weakl\source\repos\santso - gdparcm\santso - gdparcm\x64\debug\entity.obj
c:\users\weakl\source\repos\santso - gdparcm\santso - gdparcm\x64\debug\uitext.obj
c:\users\weakl\source\repos\santso - gdparcm\santso - gdparcm\x64\debug\texturemanager.obj
c:\users\weakl\source\repos\santso - gdparcm\santso - gdparcm\x64\debug\spriterenderer.obj
c:\users\weakl\source\repos\santso - gdparcm\santso - gdparcm\x64\debug\renderer.obj
c:\users\weakl\source\repos\santso - gdparcm\santso - gdparcm\x64\debug\iconobject.obj
c:\users\weakl\source\repos\santso - gdparcm\santso - gdparcm\x64\debug\gameobjectmanager.obj
c:\users\weakl\source\repos\santso - gdparcm\santso - gdparcm\x64\debug\fontmanager.obj
c:\users\weakl\source\repos\santso - gdparcm\santso - gdparcm\x64\debug\bgobject.obj
c:\users\weakl\source\repos\santso - gdparcm\santso - gdparcm\x64\debug\bgmovement.obj
c:\users\weakl\source\repos\santso - gdparcm\santso - gdparcm\x64\debug\agameobject.obj
c:\users\weakl\source\repos\santso - gdparcm\santso - gdparcm\x64\debug\acomponent.obj
c:\users\weakl\source\repos\santso - gdparcm\santso - gdparcm\x64\debug\iconspawner.obj
c:\users\weakl\source\repos\santso - gdparcm\santso - gdparcm\x64\debug\fpscounter.obj
c:\users\weakl\source\repos\santso - gdparcm\santso - gdparcm\x64\debug\texturedisplay.obj
c:\users\weakl\source\repos\santso - gdparcm\santso - gdparcm\x64\debug\stringutils.obj
c:\users\weakl\source\repos\santso - gdparcm\santso - gdparcm\x64\debug\streamassetloader.obj
c:\users\weakl\source\repos\santso - gdparcm\santso - gdparcm\x64\debug\iexecutionevent.obj
c:\users\weakl\source\repos\santso - gdparcm\santso - gdparcm\x64\debug\ietthread.obj
c:\users\weakl\source\repos\santso - gdparcm\santso - gdparcm\x64\debug\threadpool.obj
c:\users\weakl\source\repos\santso - gdparcm\santso - gdparcm\x64\debug\poolworkerthread.obj
c:\users\weakl\source\repos\santso - gdparcm\santso - gdparcm\x64\debug\iworkeraction.obj
c:\users\weakl\source\repos\santso - gdparcm\santso - gdparcm\x64\debug\ifinishedtask.obj
c:\users\weakl\source\repos\santso - gdparcm\santso - gdparcm\x64\debug\loadingobject.obj
c:\users\weakl\source\repos\santso - gdparcm\santso - gdparcm\x64\debug\main.obj
c:\users\weakl\source\repos\santso - gdparcm\x64\debug\santso - gdparcm.exe
c:\users\weakl\source\repos\santso - gdparcm\santso - gdparcm\x64\debug\santso - gdparcm.ilk
c:\users\weakl\source\repos\santso - gdparcm\x64\debug\santso - gdparcm.pdb
c:\users\weakl\source\repos\santso - gdparcm\santso - gdparcm\x64\debug\santso - gdparcm.tlog\cl.command.1.tlog
c:\users\weakl\source\repos\santso - gdparcm\santso - gdparcm\x64\debug\santso - gdparcm.tlog\cl.read.1.tlog
c:\users\weakl\source\repos\santso - gdparcm\santso - gdparcm\x64\debug\santso - gdparcm.tlog\cl.write.1.tlog
c:\users\weakl\source\repos\santso - gdparcm\santso - gdparcm\x64\debug\santso - gdparcm.tlog\link.command.1.tlog
c:\users\weakl\source\repos\santso - gdparcm\santso - gdparcm\x64\debug\santso - gdparcm.tlog\link.read.1.tlog
c:\users\weakl\source\repos\santso - gdparcm\santso - gdparcm\x64\debug\santso - gdparcm.tlog\link.write.1.tlog
